#
# There is insufficient memory for the Java Runtime Environment to continue.
# Native memory allocation (malloc) failed to allocate 32784 bytes for Chunk::new
# Possible reasons:
#   The system is out of physical RAM or swap space
#   In 32 bit mode, the process size limit was hit
# Possible solutions:
#   Reduce memory load on the system
#   Increase physical memory or swap space
#   Check if swap backing store is full
#   Use 64 bit Java on a 64 bit OS
#   Decrease Java heap size (-Xmx/-Xms)
#   Decrease number of Java threads
#   Decrease Java thread stack sizes (-Xss)
#   Set larger code cache with -XX:ReservedCodeCacheSize=
# This output file may be truncated or incomplete.
#
#  Out of Memory Error (allocation.cpp:390), pid=1672, tid=5308
#
# JRE version: Java(TM) SE Runtime Environment (8.0_20-b26) (build 1.8.0_20-b26)
# Java VM: Java HotSpot(TM) 64-Bit Server VM (25.20-b23 mixed mode windows-amd64 compressed oops)
# Failed to write core dump. Minidumps are not enabled by default on client versions of Windows
#

---------------  T H R E A D  ---------------

Current thread (0x000000001813b800):  JavaThread "C2 CompilerThread0" daemon [_thread_in_native, id=5308, stack(0x0000000017f30000,0x0000000018030000)]

Stack: [0x0000000017f30000,0x0000000018030000]
Native frames: (J=compiled Java code, j=interpreted, Vv=VM code, C=native code)
V  [jvm.dll+0x3152fa]


Current CompileTask:
C2:   5116 4592   !   4       org.apache.catalina.startup.ContextConfig::checkHandlesTypes (453 bytes)


---------------  P R O C E S S  ---------------

Java Threads: ( => current thread )
  0x000000001e085000 JavaThread "Thread-0" [_thread_in_vm, id=7260, stack(0x0000000022d20000,0x0000000022e20000)]
  0x000000001bb86000 JavaThread "localhost-startStop-1" daemon [_thread_blocked, id=6516, stack(0x00000000186d0000,0x00000000187d0000)]
  0x000000001a5b4000 JavaThread "Tomcat-startStop-1" daemon [_thread_blocked, id=3156, stack(0x0000000018a80000,0x0000000018b80000)]
  0x000000001816d000 JavaThread "Service Thread" daemon [_thread_blocked, id=2380, stack(0x0000000018d80000,0x0000000018e80000)]
  0x0000000018146800 JavaThread "C1 CompilerThread2" daemon [_thread_blocked, id=7952, stack(0x0000000018c10000,0x0000000018d10000)]
  0x0000000018146000 JavaThread "C2 CompilerThread1" daemon [_thread_in_native, id=3188, stack(0x0000000018960000,0x0000000018a60000)]
=>0x000000001813b800 JavaThread "C2 CompilerThread0" daemon [_thread_in_native, id=5308, stack(0x0000000017f30000,0x0000000018030000)]
  0x000000001813a800 JavaThread "Attach Listener" daemon [_thread_blocked, id=4080, stack(0x00000000187d0000,0x00000000188d0000)]
  0x0000000016d6c800 JavaThread "Signal Dispatcher" daemon [_thread_blocked, id=7056, stack(0x00000000185a0000,0x00000000186a0000)]
  0x0000000016d10800 JavaThread "Finalizer" daemon [_thread_blocked, id=5336, stack(0x0000000017ca0000,0x0000000017da0000)]
  0x0000000016d0d000 JavaThread "Reference Handler" daemon [_thread_blocked, id=7224, stack(0x0000000018030000,0x0000000018130000)]
  0x00000000021fe000 JavaThread "main" [_thread_blocked, id=7792, stack(0x0000000002440000,0x0000000002540000)]

Other Threads:
  0x0000000016d07800 VMThread [stack: 0x0000000017e10000,0x0000000017f10000] [id=4768]
  0x0000000018185800 WatcherThread [stack: 0x0000000018f70000,0x0000000019070000] [id=5516]

VM state:not at safepoint (normal execution)

VM Mutex/Monitor currently owned by a thread: None

Heap:
 PSYoungGen      total 146432K, used 92899K [0x00000000d8380000, 0x00000000e2c00000, 0x0000000100000000)
  eden space 122368K, 64% used [0x00000000d8380000,0x00000000dd006a08,0x00000000dfb00000)
  from space 24064K, 60% used [0x00000000e1280000,0x00000000e20b2438,0x00000000e2a00000)
  to   space 24064K, 0% used [0x00000000dfb00000,0x00000000dfb00000,0x00000000e1280000)
 ParOldGen       total 61952K, used 39369K [0x0000000088a00000, 0x000000008c680000, 0x00000000d8380000)
  object space 61952K, 63% used [0x0000000088a00000,0x000000008b0725b8,0x000000008c680000)
 Metaspace       used 28881K, capacity 29556K, committed 29824K, reserved 1075200K
  class space    used 3421K, capacity 3591K, committed 3712K, reserved 1048576K

Card table byte_map: [0x0000000011900000,0x0000000011cc0000] byte_map_base: 0x00000000114bb000

Marking Bits: (ParMarkBitMap*) 0x00000000510fb460
 Begin Bits: [0x0000000012410000, 0x00000000141e8000)
 End Bits:   [0x00000000141e8000, 0x0000000015fc0000)

Polling page: 0x0000000000100000

CodeCache: size=245760Kb used=12939Kb max_used=13408Kb free=232820Kb
 bounds [0x0000000002540000, 0x0000000003280000, 0x0000000011540000]
 total_blobs=4429 nmethods=3999 adapters=343
 compilation: enabled

Compilation events (10 events):
Event: 5.089 Thread 0x0000000018146800 4615       1       java.util.Calendar::getMinimalDaysInFirstWeek (5 bytes)
Event: 5.089 Thread 0x0000000018146800 nmethod 4615 0x0000000002b46390 code [0x0000000002b464e0, 0x0000000002b465f0]
Event: 5.089 Thread 0x0000000018146800 4616   !   3       java.io.PrintStream::write (66 bytes)
Event: 5.089 Thread 0x0000000018146800 nmethod 4616 0x0000000002b38c10 code [0x0000000002b38de0, 0x0000000002b39578]
Event: 5.089 Thread 0x0000000018146800 4617  s    3       java.io.BufferedOutputStream::write (35 bytes)
Event: 5.089 Thread 0x0000000018146800 nmethod 4617 0x0000000002b4dd10 code [0x0000000002b4dea0, 0x0000000002b4e368]
Event: 5.090 Thread 0x0000000018146800 4618       3       java.io.StringWriter::write (10 bytes)
Event: 5.090 Thread 0x0000000018146800 nmethod 4618 0x0000000002cdc150 code [0x0000000002cdc2c0, 0x0000000002cdc6c8]
Event: 5.090 Thread 0x0000000018146800 4619       1       java.util.Calendar::getZone (5 bytes)
Event: 5.090 Thread 0x0000000018146800 nmethod 4619 0x0000000002ff73d0 code [0x0000000002ff7520, 0x0000000002ff7630]

GC Heap History (10 events):
Event: 4.101 GC heap before
{Heap before GC invocations=9 (full 1):
 PSYoungGen      total 66560K, used 66558K [0x00000000d8380000, 0x00000000df600000, 0x0000000100000000)
  eden space 53248K, 100% used [0x00000000d8380000,0x00000000db780000,0x00000000db780000)
  from space 13312K, 99% used [0x00000000db780000,0x00000000dc47f9d8,0x00000000dc480000)
  to   space 15872K, 0% used [0x00000000de680000,0x00000000de680000,0x00000000df600000)
 ParOldGen       total 61952K, used 20441K [0x0000000088a00000, 0x000000008c680000, 0x00000000d8380000)
  object space 61952K, 32% used [0x0000000088a00000,0x0000000089df64c0,0x000000008c680000)
 Metaspace       used 28833K, capacity 29428K, committed 29824K, reserved 1075200K
  class space    used 3417K, capacity 3591K, committed 3712K, reserved 1048576K
Event: 4.116 GC heap after
Heap after GC invocations=9 (full 1):
 PSYoungGen      total 97792K, used 15847K [0x00000000d8380000, 0x00000000e0300000, 0x0000000100000000)
  eden space 81920K, 0% used [0x00000000d8380000,0x00000000d8380000,0x00000000dd380000)
  from space 15872K, 99% used [0x00000000de680000,0x00000000df5f9ef8,0x00000000df600000)
  to   space 19456K, 0% used [0x00000000dd380000,0x00000000dd380000,0x00000000de680000)
 ParOldGen       total 61952K, used 23407K [0x0000000088a00000, 0x000000008c680000, 0x00000000d8380000)
  object space 61952K, 37% used [0x0000000088a00000,0x000000008a0dbcb0,0x000000008c680000)
 Metaspace       used 28833K, capacity 29428K, committed 29824K, reserved 1075200K
  class space    used 3417K, capacity 3591K, committed 3712K, reserved 1048576K
}
Event: 4.335 GC heap before
{Heap before GC invocations=10 (full 1):
 PSYoungGen      total 97792K, used 97767K [0x00000000d8380000, 0x00000000e0300000, 0x0000000100000000)
  eden space 81920K, 100% used [0x00000000d8380000,0x00000000dd380000,0x00000000dd380000)
  from space 15872K, 99% used [0x00000000de680000,0x00000000df5f9ef8,0x00000000df600000)
  to   space 19456K, 0% used [0x00000000dd380000,0x00000000dd380000,0x00000000de680000)
 ParOldGen       total 61952K, used 23407K [0x0000000088a00000, 0x000000008c680000, 0x00000000d8380000)
  object space 61952K, 37% used [0x0000000088a00000,0x000000008a0dbcb0,0x000000008c680000)
 Metaspace       used 28839K, capacity 29492K, committed 29824K, reserved 1075200K
  class space    used 3417K, capacity 3591K, committed 3712K, reserved 1048576K
Event: 4.371 GC heap after
Heap after GC invocations=10 (full 1):
 PSYoungGen      total 101376K, used 19027K [0x00000000d8380000, 0x00000000e0300000, 0x0000000100000000)
  eden space 81920K, 0% used [0x00000000d8380000,0x00000000d8380000,0x00000000dd380000)
  from space 19456K, 97% used [0x00000000dd380000,0x00000000de614c60,0x00000000de680000)
  to   space 15872K, 0% used [0x00000000de680000,0x00000000de680000,0x00000000df600000)
 ParOldGen       total 61952K, used 28474K [0x0000000088a00000, 0x000000008c680000, 0x00000000d8380000)
  object space 61952K, 45% used [0x0000000088a00000,0x000000008a5ce800,0x000000008c680000)
 Metaspace       used 28839K, capacity 29492K, committed 29824K, reserved 1075200K
  class space    used 3417K, capacity 3591K, committed 3712K, reserved 1048576K
}
Event: 4.556 GC heap before
{Heap before GC invocations=11 (full 1):
 PSYoungGen      total 101376K, used 100947K [0x00000000d8380000, 0x00000000e0300000, 0x0000000100000000)
  eden space 81920K, 100% used [0x00000000d8380000,0x00000000dd380000,0x00000000dd380000)
  from space 19456K, 97% used [0x00000000dd380000,0x00000000de614c60,0x00000000de680000)
  to   space 15872K, 0% used [0x00000000de680000,0x00000000de680000,0x00000000df600000)
 ParOldGen       total 61952K, used 28474K [0x0000000088a00000, 0x000000008c680000, 0x00000000d8380000)
  object space 61952K, 45% used [0x0000000088a00000,0x000000008a5ce800,0x000000008c680000)
 Metaspace       used 28848K, capacity 29492K, committed 29824K, reserved 1075200K
  class space    used 3417K, capacity 3591K, committed 3712K, reserved 1048576K
Event: 4.578 GC heap after
Heap after GC invocations=11 (full 1):
 PSYoungGen      total 97792K, used 15858K [0x00000000d8380000, 0x00000000e0300000, 0x0000000100000000)
  eden space 81920K, 0% used [0x00000000d8380000,0x00000000d8380000,0x00000000dd380000)
  from space 15872K, 99% used [0x00000000de680000,0x00000000df5fca90,0x00000000df600000)
  to   space 19456K, 0% used [0x00000000dd380000,0x00000000dd380000,0x00000000de680000)
 ParOldGen       total 61952K, used 34125K [0x0000000088a00000, 0x000000008c680000, 0x00000000d8380000)
  object space 61952K, 55% used [0x0000000088a00000,0x000000008ab53770,0x000000008c680000)
 Metaspace       used 28848K, capacity 29492K, committed 29824K, reserved 1075200K
  class space    used 3417K, capacity 3591K, committed 3712K, reserved 1048576K
}
Event: 4.740 GC heap before
{Heap before GC invocations=12 (full 1):
 PSYoungGen      total 97792K, used 97778K [0x00000000d8380000, 0x00000000e0300000, 0x0000000100000000)
  eden space 81920K, 100% used [0x00000000d8380000,0x00000000dd380000,0x00000000dd380000)
  from space 15872K, 99% used [0x00000000de680000,0x00000000df5fca90,0x00000000df600000)
  to   space 19456K, 0% used [0x00000000dd380000,0x00000000dd380000,0x00000000de680000)
 ParOldGen       total 61952K, used 34125K [0x0000000088a00000, 0x000000008c680000, 0x00000000d8380000)
  object space 61952K, 55% used [0x0000000088a00000,0x000000008ab53770,0x000000008c680000)
 Metaspace       used 28848K, capacity 29492K, committed 29824K, reserved 1075200K
  class space    used 3417K, capacity 3591K, committed 3712K, reserved 1048576K
Event: 4.751 GC heap after
Heap after GC invocations=12 (full 1):
 PSYoungGen      total 101376K, used 14166K [0x00000000d8380000, 0x00000000e2a00000, 0x0000000100000000)
  eden space 81920K, 0% used [0x00000000d8380000,0x00000000d8380000,0x00000000dd380000)
  from space 19456K, 72% used [0x00000000dd380000,0x00000000de155a18,0x00000000de680000)
  to   space 24064K, 0% used [0x00000000e1280000,0x00000000e1280000,0x00000000e2a00000)
 ParOldGen       total 61952K, used 37342K [0x0000000088a00000, 0x000000008c680000, 0x00000000d8380000)
  object space 61952K, 60% used [0x0000000088a00000,0x000000008ae77b60,0x000000008c680000)
 Metaspace       used 28848K, capacity 29492K, committed 29824K, reserved 1075200K
  class space    used 3417K, capacity 3591K, committed 3712K, reserved 1048576K
}
Event: 4.909 GC heap before
{Heap before GC invocations=13 (full 1):
 PSYoungGen      total 101376K, used 96086K [0x00000000d8380000, 0x00000000e2a00000, 0x0000000100000000)
  eden space 81920K, 100% used [0x00000000d8380000,0x00000000dd380000,0x00000000dd380000)
  from space 19456K, 72% used [0x00000000dd380000,0x00000000de155a18,0x00000000de680000)
  to   space 24064K, 0% used [0x00000000e1280000,0x00000000e1280000,0x00000000e2a00000)
 ParOldGen       total 61952K, used 37342K [0x0000000088a00000, 0x000000008c680000, 0x00000000d8380000)
  object space 61952K, 60% used [0x0000000088a00000,0x000000008ae77b60,0x000000008c680000)
 Metaspace       used 28860K, capacity 29492K, committed 29824K, reserved 1075200K
  class space    used 3419K, capacity 3591K, committed 3712K, reserved 1048576K
Event: 4.938 GC heap after
Heap after GC invocations=13 (full 1):
 PSYoungGen      total 146432K, used 14537K [0x00000000d8380000, 0x00000000e2c00000, 0x0000000100000000)
  eden space 122368K, 0% used [0x00000000d8380000,0x00000000d8380000,0x00000000dfb00000)
  from space 24064K, 60% used [0x00000000e1280000,0x00000000e20b2438,0x00000000e2a00000)
  to   space 24064K, 0% used [0x00000000dfb00000,0x00000000dfb00000,0x00000000e1280000)
 ParOldGen       total 61952K, used 39369K [0x0000000088a00000, 0x000000008c680000, 0x00000000d8380000)
  object space 61952K, 63% used [0x0000000088a00000,0x000000008b0725b8,0x000000008c680000)
 Metaspace       used 28860K, capacity 29492K, committed 29824K, reserved 1075200K
  class space    used 3419K, capacity 3591K, committed 3712K, reserved 1048576K
}

Deoptimization events (10 events):
Event: 3.761 Thread 0x000000001bb86000 Uncommon trap: reason=class_check action=maybe_recompile pc=0x00000000031bfc24 method=java.util.zip.InflaterInputStream.read([BII)I @ 100
Event: 3.761 Thread 0x000000001bb86000 Uncommon trap: reason=unreached action=reinterpret pc=0x000000000300e70c method=java.lang.ThreadLocal.get()Ljava/lang/Object; @ 11
Event: 3.762 Thread 0x000000001bb86000 Uncommon trap: reason=class_check action=maybe_recompile pc=0x00000000031bfc24 method=java.util.zip.InflaterInputStream.read([BII)I @ 100
Event: 3.762 Thread 0x000000001bb86000 Uncommon trap: reason=class_check action=maybe_recompile pc=0x00000000031bfc24 method=java.util.zip.InflaterInputStream.read([BII)I @ 100
Event: 3.762 Thread 0x000000001bb86000 Uncommon trap: reason=class_check action=maybe_recompile pc=0x00000000031bfc24 method=java.util.zip.InflaterInputStream.read([BII)I @ 100
Event: 3.769 Thread 0x000000001bb86000 Uncommon trap: reason=null_check action=make_not_entrant pc=0x0000000002a86b3c method=java.net.URL.getURLStreamHandler(Ljava/lang/String;)Ljava/net/URLStreamHandler; @ 7
Event: 3.792 Thread 0x000000001bb86000 Uncommon trap: reason=class_check action=maybe_recompile pc=0x0000000002c9b460 method=java.util.Hashtable.addEntry(ILjava/lang/Object;Ljava/lang/Object;I)V @ 38
Event: 4.047 Thread 0x000000001bb86000 Uncommon trap: reason=unloaded action=reinterpret pc=0x0000000002b8a2e8 method=org.apache.tomcat.util.bcel.classfile.Attribute.readAttribute(Ljava/io/DataInputStream;Lorg/apache/tomcat/util/bcel/classfile/ConstantPool;)Lorg/apache/tomcat/util/bcel/classfil涓+<m@
Event: 4.857 Thread 0x000000001bb86000 Uncommon trap: reason=null_check action=make_not_entrant pc=0x00000000027fe0f0 method=org.apache.catalina.startup.ContextConfig.populateSCIsForCacheEntry(Lorg/apache/catalina/startup/ContextConfig$JavaClassCacheEntry;)V @ 23
Event: 5.089 Thread 0x000000001a5b4000 Uncommon trap: reason=class_check action=maybe_recompile pc=0x0000000002d923e0 method=java.lang.Character.toLowerCase(I)I @ 5

Internal exceptions (10 events):
Event: 4.834 Thread 0x000000001bb86000 Exception <a 'java/security/PrivilegedActionException'> (0x00000000daf87c60) thrown at [D:\re\workspace\8-2-build-windows-amd64-cygwin\jdk8u20\1074\hotspot\src\share\vm\prims\jvm.cpp, line 1275]
Event: 4.834 Thread 0x000000001bb86000 Exception <a 'java/security/PrivilegedActionException'> (0x00000000daf8d960) thrown at [D:\re\workspace\8-2-build-windows-amd64-cygwin\jdk8u20\1074\hotspot\src\share\vm\prims\jvm.cpp, line 1275]
Event: 4.835 Thread 0x000000001bb86000 Exception <a 'java/security/PrivilegedActionException'> (0x00000000daf8ed30) thrown at [D:\re\workspace\8-2-build-windows-amd64-cygwin\jdk8u20\1074\hotspot\src\share\vm\prims\jvm.cpp, line 1275]
Event: 4.835 Thread 0x000000001bb86000 Exception <a 'java/security/PrivilegedActionException'> (0x00000000daf98858) thrown at [D:\re\workspace\8-2-build-windows-amd64-cygwin\jdk8u20\1074\hotspot\src\share\vm\prims\jvm.cpp, line 1275]
Event: 4.835 Thread 0x000000001bb86000 Exception <a 'java/security/PrivilegedActionException'> (0x00000000daf98ea8) thrown at [D:\re\workspace\8-2-build-windows-amd64-cygwin\jdk8u20\1074\hotspot\src\share\vm\prims\jvm.cpp, line 1275]
Event: 4.835 Thread 0x000000001bb86000 Exception <a 'java/security/PrivilegedActionException'> (0x00000000daf9eba8) thrown at [D:\re\workspace\8-2-build-windows-amd64-cygwin\jdk8u20\1074\hotspot\src\share\vm\prims\jvm.cpp, line 1275]
Event: 4.835 Thread 0x000000001bb86000 Exception <a 'java/security/PrivilegedActionException'> (0x00000000daf9ff78) thrown at [D:\re\workspace\8-2-build-windows-amd64-cygwin\jdk8u20\1074\hotspot\src\share\vm\prims\jvm.cpp, line 1275]
Event: 4.857 Thread 0x000000001bb86000 Implicit null exception at 0x00000000027fc67c to 0x00000000027fe0d9
Event: 5.088 Thread 0x000000001bb86000 Exception <a 'java/lang/OutOfMemoryError'> (0x00000000dc94d2b0) thrown at [D:\re\workspace\8-2-build-windows-amd64-cygwin\jdk8u20\1074\hotspot\src\share\vm\prims\jni.cpp, line 742]
Event: 5.088 Thread 0x000000001bb86000 Exception <a 'java/security/PrivilegedActionException'> (0x00000000dc94e1d8) thrown at [D:\re\workspace\8-2-build-windows-amd64-cygwin\jdk8u20\1074\hotspot\src\share\vm\prims\jvm.cpp, line 1275]

Events (10 events):
Event: 5.088 Executing VM operation: RevokeBias done
Event: 5.089 Thread 0x000000001a5b4000 Uncommon trap: trap_request=0xffffffde fr.pc=0x0000000002d923e0
Event: 5.089 Thread 0x000000001a5b4000 DEOPT PACKING pc=0x0000000002d923e0 sp=0x0000000018b7e390
Event: 5.089 Thread 0x000000001a5b4000 DEOPT UNPACKING pc=0x000000000258556a sp=0x0000000018b7e280 mode 2
Event: 5.090 Executing VM operation: RevokeBias
Event: 5.090 Executing VM operation: RevokeBias done
Event: 5.090 Executing VM operation: RevokeBias
Event: 5.090 Executing VM operation: RevokeBias done
Event: 5.090 Thread 0x0000000018146800 flushing nmethod 0x00000000027558d0
Event: 5.090 Thread 0x0000000018146800 flushing nmethod 0x000000000278ad90


Dynamic libraries:
0x000000013f0a0000 - 0x000000013f0d4000 	D:\JDK\bin\javaw.exe
0x00000000776d0000 - 0x000000007786f000 	C:\Windows\SYSTEM32\ntdll.dll
0x00000000774b0000 - 0x00000000775cf000 	C:\Windows\system32\kernel32.dll
0x000007fefd4b0000 - 0x000007fefd51a000 	C:\Windows\system32\KERNELBASE.dll
0x000007fefd980000 - 0x000007fefda5b000 	C:\Windows\system32\ADVAPI32.dll
0x000007fefed90000 - 0x000007fefee2f000 	C:\Windows\system32\msvcrt.dll
0x000007fefea90000 - 0x000007fefeaaf000 	C:\Windows\SYSTEM32\sechost.dll
0x000007feff770000 - 0x000007feff89d000 	C:\Windows\system32\RPCRT4.dll
0x00000000775d0000 - 0x00000000776ca000 	C:\Windows\system32\USER32.dll
0x000007fefe7f0000 - 0x000007fefe857000 	C:\Windows\system32\GDI32.dll
0x000007feff9b0000 - 0x000007feff9be000 	C:\Windows\system32\LPK.dll
0x000007fefd660000 - 0x000007fefd72b000 	C:\Windows\system32\USP10.dll
0x000007fefbb50000 - 0x000007fefbd44000 	C:\Windows\WinSxS\amd64_microsoft.windows.common-controls_6595b64144ccf1df_6.0.7601.18837_none_fa3b1e3d17594757\COMCTL32.dll
0x000007feff6f0000 - 0x000007feff761000 	C:\Windows\system32\SHLWAPI.dll
0x000007feff1f0000 - 0x000007feff21e000 	C:\Windows\system32\IMM32.DLL
0x000007feff8a0000 - 0x000007feff9a9000 	C:\Windows\system32\MSCTF.dll
0x0000000055ce0000 - 0x0000000055db2000 	D:\JDK\jre\bin\msvcr100.dll
0x0000000050920000 - 0x0000000051178000 	D:\JDK\jre\bin\server\jvm.dll
0x000007fef70c0000 - 0x000007fef70c9000 	C:\Windows\system32\WSOCK32.dll
0x000007feff1a0000 - 0x000007feff1ed000 	C:\Windows\system32\WS2_32.dll
0x000007fefd910000 - 0x000007fefd918000 	C:\Windows\system32\NSI.dll
0x000007fef9300000 - 0x000007fef933b000 	C:\Windows\system32\WINMM.dll
0x0000000077870000 - 0x0000000077877000 	C:\Windows\system32\PSAPI.DLL
0x0000000055cd0000 - 0x0000000055cdf000 	D:\JDK\jre\bin\verify.dll
0x0000000055ca0000 - 0x0000000055cc8000 	D:\JDK\jre\bin\java.dll
0x0000000050890000 - 0x00000000508a6000 	D:\JDK\jre\bin\zip.dll
0x000007fefda60000 - 0x000007fefe7ea000 	C:\Windows\system32\SHELL32.dll
0x000007fefeab0000 - 0x000007fefecaf000 	C:\Windows\system32\ole32.dll
0x000007fefd230000 - 0x000007fefd23f000 	C:\Windows\system32\profapi.dll
0x000007fefca50000 - 0x000007fefca68000 	C:\Windows\system32\CRYPTSP.dll
0x000007fefc750000 - 0x000007fefc797000 	C:\Windows\system32\rsaenh.dll
0x000007fefd580000 - 0x000007fefd59e000 	C:\Windows\system32\USERENV.dll
0x000007fefd0c0000 - 0x000007fefd0cf000 	C:\Windows\system32\CRYPTBASE.dll
0x0000000050860000 - 0x000000005087a000 	D:\JDK\jre\bin\net.dll
0x000007fefc9f0000 - 0x000007fefca45000 	C:\Windows\system32\mswsock.dll
0x000007fefc9e0000 - 0x000007fefc9e7000 	C:\Windows\System32\wship6.dll
0x000007fefae40000 - 0x000007fefae67000 	C:\Windows\system32\IPHLPAPI.DLL
0x000007fefae30000 - 0x000007fefae3b000 	C:\Windows\system32\WINNSI.DLL
0x000007fefabd0000 - 0x000007fefabe1000 	C:\Windows\system32\dhcpcsvc6.DLL
0x000007fefaab0000 - 0x000007fefaac8000 	C:\Windows\system32\dhcpcsvc.DLL
0x0000000050840000 - 0x0000000050851000 	D:\JDK\jre\bin\nio.dll
0x000007feebea0000 - 0x000007feebeaa000 	C:\Users\Administrator\AppData\Local\Temp\jansi-1.17-3912290629077170168.dll
0x000007feebdb0000 - 0x000007feebdba000 	C:\Users\Administrator\AppData\Local\Temp\jansi-1.17-5527064730969828690.dll
0x0000000050830000 - 0x000000005083d000 	D:\JDK\jre\bin\management.dll

VM Arguments:
jvm_args: -Dmaven.home=EMBEDDED -Dclassworlds.conf=D:\EclipseLegou\code\.metadata\.plugins\org.eclipse.m2e.launching\launches\m2conf5151538370014506391.tmp -Dmaven.multiModuleProjectDirectory=D:\EclipseLegou\code\legou-sso-web -Dfile.encoding=GBK 
java_command: org.codehaus.plexus.classworlds.launcher.Launcher -B -gs D:\apache-maven-3.6.1-bin\apache-maven-3.6.1\conf\settings.xml -s D:\apache-maven-3.6.1-bin\apache-maven-3.6.1\conf\settings.xml clean tomcat7:run
java_class_path (initial): C:\Users\Administrator\.p2\pool\plugins\org.eclipse.m2e.maven.runtime_1.10.0.20181127-2120\jars\plexus-classworlds-2.5.2.jar
Launcher Type: SUN_STANDARD

Environment Variables:
JAVA_HOME=D:\JDK
CLASSPATH=;D:\JDK\lib
PATH=C:/Program Files/Java/jre1.8.0_20/bin/server;C:/Program Files/Java/jre1.8.0_20/bin;C:/Program Files/Java/jre1.8.0_20/lib/amd64;D:\app\Administrator\product\11.2.0\dbhome_1\bin;C:\ProgramData\Oracle\Java\javapath;C:\Windows\system32;C:\Windows;C:\Windows\System32\Wbem;C:\Windows\System32\WindowsPowerShell\v1.0\;D:\javadatabase\mysql-5.7.22-winx64\mysql-5.7.22-winx64\bin;C:\Program Files\Git\cmd;D:\apache-maven-3.6.1-bin\apache-maven-3.6.1\bin;D:\JDK\bin;D:\Program Files (x86)\IDM Computer Solutions\UltraEdit\;C:\Users\Administrator\Desktop\每日总结\20190805电商项目\exlipse\eclipse;
USERNAME=Administrator
OS=Windows_NT
PROCESSOR_IDENTIFIER=Intel64 Family 6 Model 158 Stepping 9, GenuineIntel



---------------  S Y S T E M  ---------------

OS: Windows 7 , 64 bit Build 7601 Service Pack 1

CPU:total 4 (4 cores per cpu, 1 threads per core) family 6 model 158 stepping 9, cmov, cx8, fxsr, mmx, sse, sse2, sse3, ssse3, sse4.1, sse4.2, popcnt, avx, avx2, aes, clmul, erms, rtm, lzcnt, tsc, tscinvbit, bmi1, bmi2

Memory: 4k page, physical 7821172k(967772k free), swap 19930140k(5084k free)

vm_info: Java HotSpot(TM) 64-Bit Server VM (25.20-b23) for windows-amd64 JRE (1.8.0_20-b26), built on Jul 30 2014 13:51:23 by "java_re" with MS VC++ 10.0 (VS2010)

time: Mon Aug 26 20:30:21 2019
elapsed time: 5 seconds (0d 0h 0m 5s)

